\BOOKMARK [0][-]{chapter.1}{\376\377\0001\000\040\000D\000o\000c\000u\000m\000e\000n\000t\000a\000t\000i\000o\000n\000\040\000f\000o\000r\000\040\000t\000h\000e\000\040\000s\000i\000m\000u\000l\000a\000t\000i\000o\000n\000\040\000c\000o\000n\000f\000i\000g\000u\000r\000a\000t\000i\000o\000n\000\040\000f\000i\000l\000e\000\040\000o\000f\000\040\000t\000h\000e\000\040\000s\000a\000m\000e\000\040\000n\000a\000m\000e}{}% 1
\BOOKMARK [1][-]{section.1.1}{\376\377\0001\000.\0001\000\040\000S\000i\000m\000u\000l\000a\000t\000i\000o\000n\000\040\000C\000o\000n\000f\000i\000g\000u\000r\000a\000t\000i\000o\000n\000\040\000F\000i\000l\000e}{chapter.1}% 2
\BOOKMARK [0][-]{chapter.2}{\376\377\0002\000\040\000N\000a\000m\000e\000s\000p\000a\000c\000e\000\040\000I\000n\000d\000e\000x}{}% 3
\BOOKMARK [1][-]{section.2.1}{\376\377\0002\000.\0001\000\040\000N\000a\000m\000e\000s\000p\000a\000c\000e\000\040\000L\000i\000s\000t}{chapter.2}% 4
\BOOKMARK [0][-]{chapter.3}{\376\377\0003\000\040\000H\000i\000e\000r\000a\000r\000c\000h\000i\000c\000a\000l\000\040\000I\000n\000d\000e\000x}{}% 5
\BOOKMARK [1][-]{section.3.1}{\376\377\0003\000.\0001\000\040\000C\000l\000a\000s\000s\000\040\000H\000i\000e\000r\000a\000r\000c\000h\000y}{chapter.3}% 6
\BOOKMARK [0][-]{chapter.4}{\376\377\0004\000\040\000C\000l\000a\000s\000s\000\040\000I\000n\000d\000e\000x}{}% 7
\BOOKMARK [1][-]{section.4.1}{\376\377\0004\000.\0001\000\040\000C\000l\000a\000s\000s\000\040\000L\000i\000s\000t}{chapter.4}% 8
\BOOKMARK [0][-]{chapter.5}{\376\377\0005\000\040\000F\000i\000l\000e\000\040\000I\000n\000d\000e\000x}{}% 9
\BOOKMARK [1][-]{section.5.1}{\376\377\0005\000.\0001\000\040\000F\000i\000l\000e\000\040\000L\000i\000s\000t}{chapter.5}% 10
\BOOKMARK [0][-]{chapter.6}{\376\377\0006\000\040\000N\000a\000m\000e\000s\000p\000a\000c\000e\000\040\000D\000o\000c\000u\000m\000e\000n\000t\000a\000t\000i\000o\000n}{}% 11
\BOOKMARK [1][-]{section.6.1}{\376\377\0006\000.\0001\000\040\000S\000M\000S\000\137\000B\000P\000\040\000N\000a\000m\000e\000s\000p\000a\000c\000e\000\040\000R\000e\000f\000e\000r\000e\000n\000c\000e}{chapter.6}% 12
\BOOKMARK [1][-]{section.6.2}{\376\377\0006\000.\0002\000\040\000S\000M\000S\000\137\000B\000P\000.\000b\000o\000u\000n\000d\000a\000r\000y\000\137\000c\000o\000n\000d\000i\000t\000i\000o\000n\000s\000\040\000N\000a\000m\000e\000s\000p\000a\000c\000e\000\040\000R\000e\000f\000e\000r\000e\000n\000c\000e}{chapter.6}% 13
\BOOKMARK [2][-]{subsection.6.2.1}{\376\377\0006\000.\0002\000.\0001\000\040\000F\000u\000n\000c\000t\000i\000o\000n\000\040\000D\000o\000c\000u\000m\000e\000n\000t\000a\000t\000i\000o\000n}{section.6.2}% 14
\BOOKMARK [3][-]{subsubsection.6.2.1.1}{\376\377\0006\000.\0002\000.\0001\000.\0001\000\040\000\137\000a\000b\000s\000o\000r\000b\000i\000n\000g\000\137\000b\000o\000u\000n\000d\000a\000r\000y\000\050\000\051}{subsection.6.2.1}% 15
\BOOKMARK [3][-]{subsubsection.6.2.1.2}{\376\377\0006\000.\0002\000.\0001\000.\0002\000\040\000\137\000r\000e\000f\000e\000c\000t\000i\000n\000g\000\137\000b\000o\000u\000n\000d\000a\000r\000y\000\050\000\051}{subsection.6.2.1}% 16
\BOOKMARK [1][-]{section.6.3}{\376\377\0006\000.\0003\000\040\000S\000M\000S\000\137\000B\000P\000.\000c\000o\000n\000d\000e\000n\000s\000a\000t\000e\000\137\000m\000o\000v\000e\000m\000e\000n\000t\000\040\000N\000a\000m\000e\000s\000p\000a\000c\000e\000\040\000R\000e\000f\000e\000r\000e\000n\000c\000e}{chapter.6}% 17
\BOOKMARK [2][-]{subsection.6.3.1}{\376\377\0006\000.\0003\000.\0001\000\040\000D\000e\000t\000a\000i\000l\000e\000d\000\040\000D\000e\000s\000c\000r\000i\000p\000t\000i\000o\000n}{section.6.3}% 18
\BOOKMARK [1][-]{section.6.4}{\376\377\0006\000.\0004\000\040\000S\000M\000S\000\137\000B\000P\000.\000d\000e\000c\000o\000r\000a\000t\000o\000r\000s\000\040\000N\000a\000m\000e\000s\000p\000a\000c\000e\000\040\000R\000e\000f\000e\000r\000e\000n\000c\000e}{chapter.6}% 19
\BOOKMARK [2][-]{subsection.6.4.1}{\376\377\0006\000.\0004\000.\0001\000\040\000F\000u\000n\000c\000t\000i\000o\000n\000\040\000D\000o\000c\000u\000m\000e\000n\000t\000a\000t\000i\000o\000n}{section.6.4}% 20
\BOOKMARK [3][-]{subsubsection.6.4.1.1}{\376\377\0006\000.\0004\000.\0001\000.\0001\000\040\000\137\000c\000a\000t\000c\000h\000\137\000r\000e\000c\000u\000r\000s\000i\000o\000n\000\137\000e\000r\000r\000o\000r\000\050\000\051}{subsection.6.4.1}% 21
\BOOKMARK [3][-]{subsubsection.6.4.1.2}{\376\377\0006\000.\0004\000.\0001\000.\0002\000\040\000c\000a\000c\000h\000e\000\050\000\051}{subsection.6.4.1}% 22
\BOOKMARK [3][-]{subsubsection.6.4.1.3}{\376\377\0006\000.\0004\000.\0001\000.\0003\000\040\000d\000e\000b\000u\000g\000\050\000\051}{subsection.6.4.1}% 23
\BOOKMARK [3][-]{subsubsection.6.4.1.4}{\376\377\0006\000.\0004\000.\0001\000.\0004\000\040\000d\000e\000p\000r\000e\000c\000a\000t\000e\000d\000\050\000\051}{subsection.6.4.1}% 24
\BOOKMARK [3][-]{subsubsection.6.4.1.5}{\376\377\0006\000.\0004\000.\0001\000.\0005\000\040\000r\000e\000p\000e\000a\000t\000\050\000\051}{subsection.6.4.1}% 25
\BOOKMARK [3][-]{subsubsection.6.4.1.6}{\376\377\0006\000.\0004\000.\0001\000.\0006\000\040\000s\000e\000t\000\137\000u\000n\000i\000t\000\050\000\051}{subsection.6.4.1}% 26
\BOOKMARK [3][-]{subsubsection.6.4.1.7}{\376\377\0006\000.\0004\000.\0001\000.\0007\000\040\000s\000i\000n\000g\000l\000e\000t\000o\000n\000\050\000\051}{subsection.6.4.1}% 27
\BOOKMARK [3][-]{subsubsection.6.4.1.8}{\376\377\0006\000.\0004\000.\0001\000.\0008\000\040\000s\000l\000o\000w\000\137\000d\000o\000w\000n\000\050\000\051}{subsection.6.4.1}% 28
\BOOKMARK [3][-]{subsubsection.6.4.1.9}{\376\377\0006\000.\0004\000.\0001\000.\0009\000\040\000t\000i\000m\000e\000r\000\050\000\051}{subsection.6.4.1}% 29
\BOOKMARK [2][-]{subsection.6.4.2}{\376\377\0006\000.\0004\000.\0002\000\040\000V\000a\000r\000i\000a\000b\000l\000e\000\040\000D\000o\000c\000u\000m\000e\000n\000t\000a\000t\000i\000o\000n}{section.6.4}% 30
\BOOKMARK [3][-]{subsubsection.6.4.2.1}{\376\377\0006\000.\0004\000.\0002\000.\0001\000\040\000s\000t\000r\000i\000n\000g\000\137\000t\000y\000p\000e\000s}{subsection.6.4.2}% 31
\BOOKMARK [1][-]{section.6.5}{\376\377\0006\000.\0005\000\040\000S\000M\000S\000\137\000B\000P\000.\000e\000r\000r\000o\000r\000s\000\040\000N\000a\000m\000e\000s\000p\000a\000c\000e\000\040\000R\000e\000f\000e\000r\000e\000n\000c\000e}{chapter.6}% 32
\BOOKMARK [1][-]{section.6.6}{\376\377\0006\000.\0006\000\040\000S\000M\000S\000\137\000B\000P\000.\000f\000b\000m\000\137\000B\000P\000\040\000N\000a\000m\000e\000s\000p\000a\000c\000e\000\040\000R\000e\000f\000e\000r\000e\000n\000c\000e}{chapter.6}% 33
\BOOKMARK [2][-]{subsection.6.6.1}{\376\377\0006\000.\0006\000.\0001\000\040\000F\000u\000n\000c\000t\000i\000o\000n\000\040\000D\000o\000c\000u\000m\000e\000n\000t\000a\000t\000i\000o\000n}{section.6.6}% 34
\BOOKMARK [3][-]{subsubsection.6.6.1.1}{\376\377\0006\000.\0006\000.\0001\000.\0001\000\040\000\137\000b\000o\000u\000n\000d\000a\000r\000y\000\137\000c\000o\000n\000d\000i\000t\000i\000o\000n\000s\000\050\000\051}{subsection.6.6.1}% 35
\BOOKMARK [3][-]{subsubsection.6.6.1.2}{\376\377\0006\000.\0006\000.\0001\000.\0002\000\040\000M\000C\000M\000C\000\137\000s\000t\000a\000t\000e\000\137\000s\000e\000l\000e\000c\000t\000i\000o\000n\000\050\000\051}{subsection.6.6.1}% 36
\BOOKMARK [2][-]{subsection.6.6.2}{\376\377\0006\000.\0006\000.\0002\000\040\000V\000a\000r\000i\000a\000b\000l\000e\000\040\000D\000o\000c\000u\000m\000e\000n\000t\000a\000t\000i\000o\000n}{section.6.6}% 37
\BOOKMARK [3][-]{subsubsection.6.6.2.1}{\376\377\0006\000.\0006\000.\0002\000.\0001\000\040\000a\000l\000p\000h\000a}{subsection.6.6.2}% 38
\BOOKMARK [3][-]{subsubsection.6.6.2.2}{\376\377\0006\000.\0006\000.\0002\000.\0002\000\040\000B\000O\000U\000N\000D\000A\000R\000Y\000\137\000C\000O\000N\000D\000I\000T\000I\000O\000N\000S}{subsection.6.6.2}% 39
\BOOKMARK [3][-]{subsubsection.6.6.2.3}{\376\377\0006\000.\0006\000.\0002\000.\0003\000\040\000i\000n\000i\000t\000i\000a\000l\000\137\000s\000t\000a\000t\000e\000\137\000i\000n\000d\000e\000x}{subsection.6.6.2}% 40
\BOOKMARK [3][-]{subsubsection.6.6.2.4}{\376\377\0006\000.\0006\000.\0002\000.\0004\000\040\000l\000a\000b\000e\000l}{subsection.6.6.2}% 41
\BOOKMARK [3][-]{subsubsection.6.6.2.5}{\376\377\0006\000.\0006\000.\0002\000.\0005\000\040\000n}{subsection.6.6.2}% 42
\BOOKMARK [3][-]{subsubsection.6.6.2.6}{\376\377\0006\000.\0006\000.\0002\000.\0006\000\040\000p\000o\000s\000s\000i\000b\000l\000e\000\137\000s\000t\000a\000t\000e\000s}{subsection.6.6.2}% 43
\BOOKMARK [3][-]{subsubsection.6.6.2.7}{\376\377\0006\000.\0006\000.\0002\000.\0007\000\040\000s\000t\000a\000t\000e\000\137\0001\000\137\000t\000o\000\137\0002}{subsection.6.6.2}% 44
\BOOKMARK [3][-]{subsubsection.6.6.2.8}{\376\377\0006\000.\0006\000.\0002\000.\0008\000\040\000s\000t\000a\000t\000e\000\137\0002\000\137\000t\000o\000\137\0001}{subsection.6.6.2}% 45
\BOOKMARK [3][-]{subsubsection.6.6.2.9}{\376\377\0006\000.\0006\000.\0002\000.\0009\000\040\000s\000t\000a\000t\000e\000\137\000p\000r\000o\000b\000a\000b\000i\000l\000i\000t\000y}{subsection.6.6.2}% 46
\BOOKMARK [3][-]{subsubsection.6.6.2.10}{\376\377\0006\000.\0006\000.\0002\000.\0001\0000\000\040\000s\000t\000a\000t\000e\000\137\000s\000e\000l\000e\000c\000t}{subsection.6.6.2}% 47
\BOOKMARK [3][-]{subsubsection.6.6.2.11}{\376\377\0006\000.\0006\000.\0002\000.\0001\0001\000\040\000t\000o\000t\000a\000l\000\137\000r\000a\000t\000e}{subsection.6.6.2}% 48
\BOOKMARK [3][-]{subsubsection.6.6.2.12}{\376\377\0006\000.\0006\000.\0002\000.\0001\0002\000\040\000t\000r\000a\000n\000s\000i\000t\000i\000o\000n\000\137\000m\000a\000t\000r\000i\000x}{subsection.6.6.2}% 49
\BOOKMARK [3][-]{subsubsection.6.6.2.13}{\376\377\0006\000.\0006\000.\0002\000.\0001\0003\000\040\000t\000r\000u\000e\000\137\000s\000t\000a\000t\000e\000\137\000p\000r\000o\000b\000a\000b\000i\000l\000i\000t\000y}{subsection.6.6.2}% 50
\BOOKMARK [1][-]{section.6.7}{\376\377\0006\000.\0007\000\040\000S\000M\000S\000\137\000B\000P\000.\000f\000b\000m\000\137\000u\000t\000i\000l\000i\000t\000y\000\040\000N\000a\000m\000e\000s\000p\000a\000c\000e\000\040\000R\000e\000f\000e\000r\000e\000n\000c\000e}{chapter.6}% 51
\BOOKMARK [2][-]{subsection.6.7.1}{\376\377\0006\000.\0007\000.\0001\000\040\000D\000e\000t\000a\000i\000l\000e\000d\000\040\000D\000e\000s\000c\000r\000i\000p\000t\000i\000o\000n}{section.6.7}% 52
\BOOKMARK [2][-]{subsection.6.7.2}{\376\377\0006\000.\0007\000.\0002\000\040\000F\000u\000n\000c\000t\000i\000o\000n\000\040\000D\000o\000c\000u\000m\000e\000n\000t\000a\000t\000i\000o\000n}{section.6.7}% 53
\BOOKMARK [3][-]{subsubsection.6.7.2.1}{\376\377\0006\000.\0007\000.\0002\000.\0001\000\040\000g\000e\000t\000\137\000f\000b\000m\000\137\000s\000a\000m\000p\000l\000e\000\050\000\051}{subsection.6.7.2}% 54
\BOOKMARK [1][-]{section.6.8}{\376\377\0006\000.\0008\000\040\000S\000M\000S\000\137\000B\000P\000.\000p\000r\000o\000b\000a\000b\000i\000l\000i\000t\000y\000\137\000f\000u\000n\000c\000t\000i\000o\000n\000s\000\040\000N\000a\000m\000e\000s\000p\000a\000c\000e\000\040\000R\000e\000f\000e\000r\000e\000n\000c\000e}{chapter.6}% 55
\BOOKMARK [2][-]{subsection.6.8.1}{\376\377\0006\000.\0008\000.\0001\000\040\000F\000u\000n\000c\000t\000i\000o\000n\000\040\000D\000o\000c\000u\000m\000e\000n\000t\000a\000t\000i\000o\000n}{section.6.8}% 56
\BOOKMARK [3][-]{subsubsection.6.8.1.1}{\376\377\0006\000.\0008\000.\0001\000.\0001\000\040\000t\000e\000s\000t\000\137\000m\000u\000l\000t\000i\000p\000l\000e\000\137\000t\000o\000p\000\137\000h\000a\000t\000\137\000p\000r\000o\000b\000a\000b\000i\000l\000i\000t\000y\000\050\000\051}{subsection.6.8.1}% 57
\BOOKMARK [1][-]{section.6.9}{\376\377\0006\000.\0009\000\040\000S\000M\000S\000\137\000B\000P\000.\000r\000u\000n\000\137\000c\000e\000l\000l\000\137\000s\000i\000m\000u\000l\000a\000t\000i\000o\000n\000\040\000N\000a\000m\000e\000s\000p\000a\000c\000e\000\040\000R\000e\000f\000e\000r\000e\000n\000c\000e}{chapter.6}% 58
\BOOKMARK [2][-]{subsection.6.9.1}{\376\377\0006\000.\0009\000.\0001\000\040\000F\000u\000n\000c\000t\000i\000o\000n\000\040\000D\000o\000c\000u\000m\000e\000n\000t\000a\000t\000i\000o\000n}{section.6.9}% 59
\BOOKMARK [3][-]{subsubsection.6.9.1.1}{\376\377\0006\000.\0009\000.\0001\000.\0001\000\040\000m\000a\000i\000n\000\137\000C\000L\000I\000\050\000\051}{subsection.6.9.1}% 60
\BOOKMARK [3][-]{subsubsection.6.9.1.2}{\376\377\0006\000.\0009\000.\0001\000.\0002\000\040\000m\000a\000i\000n\000\137\000n\000o\000C\000L\000I\000\050\000\051}{subsection.6.9.1}% 61
\BOOKMARK [2][-]{subsection.6.9.2}{\376\377\0006\000.\0009\000.\0002\000\040\000V\000a\000r\000i\000a\000b\000l\000e\000\040\000D\000o\000c\000u\000m\000e\000n\000t\000a\000t\000i\000o\000n}{section.6.9}% 62
\BOOKMARK [3][-]{subsubsection.6.9.2.1}{\376\377\0006\000.\0009\000.\0002\000.\0001\000\040\000c\000o\000n\000f\000i\000g\000\137\000f\000i\000l\000e}{subsection.6.9.2}% 63
\BOOKMARK [3][-]{subsubsection.6.9.2.2}{\376\377\0006\000.\0009\000.\0002\000.\0002\000\040\000p\000r\000o\000j\000e\000c\000t\000\137\000d\000i\000r\000e\000c\000t\000o\000r\000y}{subsection.6.9.2}% 64
\BOOKMARK [1][-]{section.6.10}{\376\377\0006\000.\0001\0000\000\040\000S\000M\000S\000\137\000B\000P\000.\000s\000i\000m\000u\000l\000a\000t\000e\000\137\000c\000e\000l\000l\000\040\000N\000a\000m\000e\000s\000p\000a\000c\000e\000\040\000R\000e\000f\000e\000r\000e\000n\000c\000e}{chapter.6}% 65
\BOOKMARK [2][-]{subsection.6.10.1}{\376\377\0006\000.\0001\0000\000.\0001\000\040\000F\000u\000n\000c\000t\000i\000o\000n\000\040\000D\000o\000c\000u\000m\000e\000n\000t\000a\000t\000i\000o\000n}{section.6.10}% 66
\BOOKMARK [3][-]{subsubsection.6.10.1.1}{\376\377\0006\000.\0001\0000\000.\0001\000.\0001\000\040\000c\000o\000n\000v\000e\000r\000t\000\137\000a\000r\000r\000a\000y\000s\000\137\000t\000o\000\137\000l\000i\000s\000t\000s\000\050\000\051}{subsection.6.10.1}% 67
\BOOKMARK [3][-]{subsubsection.6.10.1.2}{\376\377\0006\000.\0001\0000\000.\0001\000.\0002\000\040\000c\000o\000n\000v\000e\000r\000t\000\137\000l\000i\000s\000t\000s\000\137\000t\000o\000\137\000a\000r\000r\000a\000y\000s\000\050\000\051}{subsection.6.10.1}% 68
\BOOKMARK [3][-]{subsubsection.6.10.1.3}{\376\377\0006\000.\0001\0000\000.\0001\000.\0003\000\040\000m\000a\000k\000e\000\137\000d\000i\000r\000e\000c\000t\000o\000r\000y\000\137\000s\000t\000r\000u\000c\000t\000u\000r\000e\000\050\000\051}{subsection.6.10.1}% 69
\BOOKMARK [3][-]{subsubsection.6.10.1.4}{\376\377\0006\000.\0001\0000\000.\0001\000.\0004\000\040\000s\000a\000v\000e\000\137\000t\000i\000f\000f\000\050\000\051}{subsection.6.10.1}% 70
\BOOKMARK [3][-]{subsubsection.6.10.1.5}{\376\377\0006\000.\0001\0000\000.\0001\000.\0005\000\040\000s\000u\000b\000\137\000s\000e\000g\000m\000e\000n\000t\000\050\000\051}{subsection.6.10.1}% 71
\BOOKMARK [2][-]{subsection.6.10.2}{\376\377\0006\000.\0001\0000\000.\0002\000\040\000V\000a\000r\000i\000a\000b\000l\000e\000\040\000D\000o\000c\000u\000m\000e\000n\000t\000a\000t\000i\000o\000n}{section.6.10}% 72
\BOOKMARK [3][-]{subsubsection.6.10.2.1}{\376\377\0006\000.\0001\0000\000.\0002\000.\0001\000\040\000c\000d}{subsection.6.10.2}% 73
\BOOKMARK [3][-]{subsubsection.6.10.2.2}{\376\377\0006\000.\0001\0000\000.\0002\000.\0002\000\040\000i\000m\000g\000\137\000n\000a\000m\000e}{subsection.6.10.2}% 74
\BOOKMARK [3][-]{subsubsection.6.10.2.3}{\376\377\0006\000.\0001\0000\000.\0002\000.\0003\000\040\000s\000i\000m\000\137\000n\000e\000w}{subsection.6.10.2}% 75
\BOOKMARK [3][-]{subsubsection.6.10.2.4}{\376\377\0006\000.\0001\0000\000.\0002\000.\0004\000\040\000s\000u\000b\000\137\000f\000r\000a\000m\000e\000\137\000n\000u\000m}{subsection.6.10.2}% 76
\BOOKMARK [3][-]{subsubsection.6.10.2.5}{\376\377\0006\000.\0001\0000\000.\0002\000.\0005\000\040\000s\000u\000b\000s\000e\000g\000m\000e\000n\000t\000\137\000t\000y\000p\000e}{subsection.6.10.2}% 77
\BOOKMARK [1][-]{section.6.11}{\376\377\0006\000.\0001\0001\000\040\000S\000M\000S\000\137\000B\000P\000.\000s\000i\000m\000u\000l\000a\000t\000e\000\137\000f\000o\000c\000i\000\040\000N\000a\000m\000e\000s\000p\000a\000c\000e\000\040\000R\000e\000f\000e\000r\000e\000n\000c\000e}{chapter.6}% 78
\BOOKMARK [2][-]{subsection.6.11.1}{\376\377\0006\000.\0001\0001\000.\0001\000\040\000D\000e\000t\000a\000i\000l\000e\000d\000\040\000D\000e\000s\000c\000r\000i\000p\000t\000i\000o\000n}{section.6.11}% 79
\BOOKMARK [2][-]{subsection.6.11.2}{\376\377\0006\000.\0001\0001\000.\0002\000\040\000F\000u\000n\000c\000t\000i\000o\000n\000\040\000D\000o\000c\000u\000m\000e\000n\000t\000a\000t\000i\000o\000n}{section.6.11}% 80
\BOOKMARK [3][-]{subsubsection.6.11.2.1}{\376\377\0006\000.\0001\0001\000.\0002\000.\0001\000\040\000a\000x\000i\000a\000l\000\137\000i\000n\000t\000e\000n\000s\000i\000t\000y\000\137\000f\000a\000c\000t\000o\000r\000\050\000\051}{subsection.6.11.2}% 81
\BOOKMARK [3][-]{subsubsection.6.11.2.2}{\376\377\0006\000.\0001\0001\000.\0002\000.\0002\000\040\000c\000r\000e\000a\000t\000e\000\137\000c\000o\000n\000d\000e\000n\000s\000a\000t\000e\000\137\000d\000i\000c\000t\000\050\000\051}{subsection.6.11.2}% 82
\BOOKMARK [3][-]{subsubsection.6.11.2.3}{\376\377\0006\000.\0001\0001\000.\0002\000.\0003\000\040\000g\000e\000n\000e\000r\000a\000t\000e\000\137\000m\000a\000p\000\137\000f\000r\000o\000m\000\137\000p\000o\000i\000n\000t\000s\000\050\000\051}{subsection.6.11.2}% 83
\BOOKMARK [3][-]{subsubsection.6.11.2.4}{\376\377\0006\000.\0001\0001\000.\0002\000.\0004\000\040\000g\000e\000n\000e\000r\000a\000t\000e\000\137\000p\000o\000i\000n\000t\000s\000\050\000\051}{subsection.6.11.2}% 84
\BOOKMARK [3][-]{subsubsection.6.11.2.5}{\376\377\0006\000.\0001\0001\000.\0002\000.\0005\000\040\000g\000e\000n\000e\000r\000a\000t\000e\000\137\000p\000o\000i\000n\000t\000s\000\137\000f\000r\000o\000m\000\137\000c\000l\000s\000\050\000\051}{subsection.6.11.2}% 85
\BOOKMARK [3][-]{subsubsection.6.11.2.6}{\376\377\0006\000.\0001\0001\000.\0002\000.\0006\000\040\000g\000e\000n\000e\000r\000a\000t\000e\000\137\000r\000a\000d\000i\000a\000l\000\137\000p\000o\000i\000n\000t\000s\000\050\000\051}{subsection.6.11.2}% 86
\BOOKMARK [3][-]{subsubsection.6.11.2.7}{\376\377\0006\000.\0001\0001\000.\0002\000.\0007\000\040\000g\000e\000n\000e\000r\000a\000t\000e\000\137\000s\000p\000h\000e\000r\000e\000\137\000p\000o\000i\000n\000t\000s\000\050\000\051}{subsection.6.11.2}% 87
\BOOKMARK [3][-]{subsubsection.6.11.2.8}{\376\377\0006\000.\0001\0001\000.\0002\000.\0008\000\040\000g\000e\000t\000\137\000g\000a\000u\000s\000s\000i\000a\000n\000\050\000\051}{subsection.6.11.2}% 88
\BOOKMARK [3][-]{subsubsection.6.11.2.9}{\376\377\0006\000.\0001\0001\000.\0002\000.\0009\000\040\000g\000e\000t\000\137\000l\000e\000n\000g\000t\000h\000s\000\050\000\051}{subsection.6.11.2}% 89
\BOOKMARK [3][-]{subsubsection.6.11.2.10}{\376\377\0006\000.\0001\0001\000.\0002\000.\0001\0000\000\040\000r\000a\000d\000i\000u\000s\000\137\000s\000p\000h\000e\000r\000i\000c\000a\000l\000\137\000c\000a\000p\000\050\000\051}{subsection.6.11.2}% 90
\BOOKMARK [3][-]{subsubsection.6.11.2.11}{\376\377\0006\000.\0001\0001\000.\0002\000.\0001\0001\000\040\000t\000o\000p\000h\000a\000t\000\137\000f\000u\000n\000c\000t\000i\000o\000n\000\137\0002\000d\000\050\000\051}{subsection.6.11.2}% 91
\BOOKMARK [0][-]{chapter.7}{\376\377\0007\000\040\000C\000l\000a\000s\000s\000\040\000D\000o\000c\000u\000m\000e\000n\000t\000a\000t\000i\000o\000n}{}% 92
\BOOKMARK [1][-]{section.7.1}{\376\377\0007\000.\0001\000\040\000S\000M\000S\000\137\000B\000P\000.\000c\000o\000n\000d\000e\000n\000s\000a\000t\000e\000\137\000m\000o\000v\000e\000m\000e\000n\000t\000.\000C\000o\000n\000d\000e\000n\000s\000a\000t\000e\000\040\000C\000l\000a\000s\000s\000\040\000R\000e\000f\000e\000r\000e\000n\000c\000e}{chapter.7}% 93
\BOOKMARK [2][-]{subsection.7.1.1}{\376\377\0007\000.\0001\000.\0001\000\040\000D\000e\000t\000a\000i\000l\000e\000d\000\040\000D\000e\000s\000c\000r\000i\000p\000t\000i\000o\000n}{section.7.1}% 94
\BOOKMARK [2][-]{subsection.7.1.2}{\376\377\0007\000.\0001\000.\0002\000\040\000C\000o\000n\000s\000t\000r\000u\000c\000t\000o\000r\000\040\000\046\000\040\000D\000e\000s\000t\000r\000u\000c\000t\000o\000r\000\040\000D\000o\000c\000u\000m\000e\000n\000t\000a\000t\000i\000o\000n}{section.7.1}% 95
\BOOKMARK [3][-]{subsubsection.7.1.2.1}{\376\377\0007\000.\0001\000.\0002\000.\0001\000\040\000\137\000\137\000i\000n\000i\000t\000\137\000\137\000\050\000\051}{subsection.7.1.2}% 96
\BOOKMARK [2][-]{subsection.7.1.3}{\376\377\0007\000.\0001\000.\0003\000\040\000M\000e\000m\000b\000e\000r\000\040\000F\000u\000n\000c\000t\000i\000o\000n\000\040\000D\000o\000c\000u\000m\000e\000n\000t\000a\000t\000i\000o\000n}{section.7.1}% 97
\BOOKMARK [3][-]{subsubsection.7.1.3.1}{\376\377\0007\000.\0001\000.\0003\000.\0001\000\040\000\137\000\137\000c\000a\000l\000l\000\137\000\137\000\050\000\051}{subsection.7.1.3}% 98
\BOOKMARK [3][-]{subsubsection.7.1.3.2}{\376\377\0007\000.\0001\000.\0003\000.\0002\000\040\000\137\000g\000e\000n\000e\000r\000a\000t\000e\000\137\000c\000o\000n\000d\000e\000n\000s\000a\000t\000e\000\137\000p\000o\000s\000i\000t\000i\000o\000n\000s\000\050\000\051}{subsection.7.1.3}% 99
\BOOKMARK [3][-]{subsubsection.7.1.3.3}{\376\377\0007\000.\0001\000.\0003\000.\0003\000\040\000a\000d\000d\000\137\000p\000o\000s\000i\000t\000i\000o\000n\000s\000\050\000\051}{subsection.7.1.3}% 100
\BOOKMARK [3][-]{subsubsection.7.1.3.4}{\376\377\0007\000.\0001\000.\0003\000.\0004\000\040\000c\000a\000l\000c\000u\000l\000a\000t\000e\000\137\000s\000c\000a\000l\000e\000\050\000\051}{subsection.7.1.3}% 101
\BOOKMARK [3][-]{subsubsection.7.1.3.5}{\376\377\0007\000.\0001\000.\0003\000.\0005\000\040\000c\000o\000n\000d\000e\000n\000s\000a\000t\000e\000\137\000p\000o\000s\000i\000t\000i\000o\000n\000s\000\050\000\051\000\040\000[\0001\000/\0002\000]}{subsection.7.1.3}% 102
\BOOKMARK [3][-]{subsubsection.7.1.3.6}{\376\377\0007\000.\0001\000.\0003\000.\0006\000\040\000c\000o\000n\000d\000e\000n\000s\000a\000t\000e\000\137\000p\000o\000s\000i\000t\000i\000o\000n\000s\000\050\000\051\000\040\000[\0002\000/\0002\000]}{subsection.7.1.3}% 103
\BOOKMARK [3][-]{subsubsection.7.1.3.7}{\376\377\0007\000.\0001\000.\0003\000.\0007\000\040\000g\000e\000n\000e\000r\000a\000t\000e\000\137\000c\000o\000n\000d\000e\000n\000s\000a\000t\000e\000\137\000p\000o\000s\000i\000t\000i\000o\000n\000s\000\050\000\051}{subsection.7.1.3}% 104
\BOOKMARK [3][-]{subsubsection.7.1.3.8}{\376\377\0007\000.\0001\000.\0003\000.\0008\000\040\000p\000l\000o\000t\000\137\000c\000o\000n\000d\000e\000n\000s\000a\000t\000e\000\050\000\051}{subsection.7.1.3}% 105
\BOOKMARK [3][-]{subsubsection.7.1.3.9}{\376\377\0007\000.\0001\000.\0003\000.\0009\000\040\000s\000c\000a\000l\000e\000\050\000\051\000\040\000[\0001\000/\0002\000]}{subsection.7.1.3}% 106
\BOOKMARK [3][-]{subsubsection.7.1.3.10}{\376\377\0007\000.\0001\000.\0003\000.\0001\0000\000\040\000s\000c\000a\000l\000e\000\050\000\051\000\040\000[\0002\000/\0002\000]}{subsection.7.1.3}% 107
\BOOKMARK [3][-]{subsubsection.7.1.3.11}{\376\377\0007\000.\0001\000.\0003\000.\0001\0001\000\040\000t\000i\000m\000e\000s\000\050\000\051\000\040\000[\0001\000/\0002\000]}{subsection.7.1.3}% 108
\BOOKMARK [3][-]{subsubsection.7.1.3.12}{\376\377\0007\000.\0001\000.\0003\000.\0001\0002\000\040\000t\000i\000m\000e\000s\000\050\000\051\000\040\000[\0002\000/\0002\000]}{subsection.7.1.3}% 109
\BOOKMARK [2][-]{subsection.7.1.4}{\376\377\0007\000.\0001\000.\0004\000\040\000M\000e\000m\000b\000e\000r\000\040\000D\000a\000t\000a\000\040\000D\000o\000c\000u\000m\000e\000n\000t\000a\000t\000i\000o\000n}{section.7.1}% 110
\BOOKMARK [3][-]{subsubsection.7.1.4.1}{\376\377\0007\000.\0001\000.\0004\000.\0001\000\040\000\137\000c\000o\000n\000d\000e\000n\000s\000a\000t\000e\000\137\000p\000o\000s\000i\000t\000i\000o\000n\000s}{subsection.7.1.4}% 111
\BOOKMARK [3][-]{subsubsection.7.1.4.2}{\376\377\0007\000.\0001\000.\0004\000.\0002\000\040\000\137\000s\000c\000a\000l\000e}{subsection.7.1.4}% 112
\BOOKMARK [3][-]{subsubsection.7.1.4.3}{\376\377\0007\000.\0001\000.\0004\000.\0003\000\040\000\137\000t\000i\000m\000e\000s}{subsection.7.1.4}% 113
\BOOKMARK [3][-]{subsubsection.7.1.4.4}{\376\377\0007\000.\0001\000.\0004\000.\0004\000\040\000c\000e\000l\000l\000\137\000a\000x\000i\000a\000l\000\137\000r\000a\000n\000g\000e}{subsection.7.1.4}% 114
\BOOKMARK [3][-]{subsubsection.7.1.4.5}{\376\377\0007\000.\0001\000.\0004\000.\0005\000\040\000c\000e\000l\000l\000\137\000s\000p\000a\000c\000e}{subsection.7.1.4}% 115
\BOOKMARK [3][-]{subsubsection.7.1.4.6}{\376\377\0007\000.\0001\000.\0004\000.\0006\000\040\000c\000o\000n\000d\000e\000n\000s\000a\000t\000e\000\137\000i\000d}{subsection.7.1.4}% 116
\BOOKMARK [3][-]{subsubsection.7.1.4.7}{\376\377\0007\000.\0001\000.\0004\000.\0007\000\040\000c\000o\000n\000d\000e\000n\000s\000a\000t\000e\000\137\000p\000o\000s\000i\000t\000i\000o\000n\000s}{subsection.7.1.4}% 117
\BOOKMARK [3][-]{subsubsection.7.1.4.8}{\376\377\0007\000.\0001\000.\0004\000.\0008\000\040\000d\000i\000f\000f\000u\000s\000i\000o\000n\000\137\000c\000o\000e\000f\000f\000i\000c\000i\000e\000n\000t}{subsection.7.1.4}% 118
\BOOKMARK [3][-]{subsubsection.7.1.4.9}{\376\377\0007\000.\0001\000.\0004\000.\0009\000\040\000d\000i\000m}{subsection.7.1.4}% 119
\BOOKMARK [3][-]{subsubsection.7.1.4.10}{\376\377\0007\000.\0001\000.\0004\000.\0001\0000\000\040\000h\000u\000r\000s\000t\000\137\000e\000x\000p\000o\000n\000e\000n\000t}{subsection.7.1.4}% 120
\BOOKMARK [3][-]{subsubsection.7.1.4.11}{\376\377\0007\000.\0001\000.\0004\000.\0001\0001\000\040\000i\000n\000i\000t\000i\000a\000l\000\137\000p\000o\000s\000i\000t\000i\000o\000n}{subsection.7.1.4}% 121
\BOOKMARK [3][-]{subsubsection.7.1.4.12}{\376\377\0007\000.\0001\000.\0004\000.\0001\0002\000\040\000i\000n\000i\000t\000i\000a\000l\000\137\000s\000c\000a\000l\000e}{subsection.7.1.4}% 122
\BOOKMARK [3][-]{subsubsection.7.1.4.13}{\376\377\0007\000.\0001\000.\0004\000.\0001\0003\000\040\000i\000n\000i\000t\000i\000a\000l\000\137\000t\000i\000m\000e}{subsection.7.1.4}% 123
\BOOKMARK [3][-]{subsubsection.7.1.4.14}{\376\377\0007\000.\0001\000.\0004\000.\0001\0004\000\040\000s\000c\000a\000l\000e}{subsection.7.1.4}% 124
\BOOKMARK [3][-]{subsubsection.7.1.4.15}{\376\377\0007\000.\0001\000.\0004\000.\0001\0005\000\040\000t\000i\000m\000e\000s}{subsection.7.1.4}% 125
\BOOKMARK [3][-]{subsubsection.7.1.4.16}{\376\377\0007\000.\0001\000.\0004\000.\0001\0006\000\040\000u\000n\000i\000t\000s\000\137\000p\000o\000s\000i\000t\000i\000o\000n}{subsection.7.1.4}% 126
\BOOKMARK [3][-]{subsubsection.7.1.4.17}{\376\377\0007\000.\0001\000.\0004\000.\0001\0007\000\040\000u\000n\000i\000t\000s\000\137\000t\000i\000m\000e}{subsection.7.1.4}% 127
\BOOKMARK [1][-]{section.7.2}{\376\377\0007\000.\0002\000\040\000S\000M\000S\000\137\000B\000P\000.\000d\000e\000c\000o\000r\000a\000t\000o\000r\000s\000.\000C\000o\000u\000n\000t\000C\000a\000l\000l\000s\000\040\000C\000l\000a\000s\000s\000\040\000R\000e\000f\000e\000r\000e\000n\000c\000e}{chapter.7}% 128
\BOOKMARK [2][-]{subsection.7.2.1}{\376\377\0007\000.\0002\000.\0001\000\040\000D\000e\000t\000a\000i\000l\000e\000d\000\040\000D\000e\000s\000c\000r\000i\000p\000t\000i\000o\000n}{section.7.2}% 129
\BOOKMARK [2][-]{subsection.7.2.2}{\376\377\0007\000.\0002\000.\0002\000\040\000C\000o\000n\000s\000t\000r\000u\000c\000t\000o\000r\000\040\000\046\000\040\000D\000e\000s\000t\000r\000u\000c\000t\000o\000r\000\040\000D\000o\000c\000u\000m\000e\000n\000t\000a\000t\000i\000o\000n}{section.7.2}% 130
\BOOKMARK [3][-]{subsubsection.7.2.2.1}{\376\377\0007\000.\0002\000.\0002\000.\0001\000\040\000\137\000\137\000i\000n\000i\000t\000\137\000\137\000\050\000\051}{subsection.7.2.2}% 131
\BOOKMARK [2][-]{subsection.7.2.3}{\376\377\0007\000.\0002\000.\0003\000\040\000M\000e\000m\000b\000e\000r\000\040\000F\000u\000n\000c\000t\000i\000o\000n\000\040\000D\000o\000c\000u\000m\000e\000n\000t\000a\000t\000i\000o\000n}{section.7.2}% 132
\BOOKMARK [3][-]{subsubsection.7.2.3.1}{\376\377\0007\000.\0002\000.\0003\000.\0001\000\040\000\137\000\137\000c\000a\000l\000l\000\137\000\137\000\050\000\051}{subsection.7.2.3}% 133
\BOOKMARK [2][-]{subsection.7.2.4}{\376\377\0007\000.\0002\000.\0004\000\040\000M\000e\000m\000b\000e\000r\000\040\000D\000a\000t\000a\000\040\000D\000o\000c\000u\000m\000e\000n\000t\000a\000t\000i\000o\000n}{section.7.2}% 134
\BOOKMARK [3][-]{subsubsection.7.2.4.1}{\376\377\0007\000.\0002\000.\0004\000.\0001\000\040\000f\000u\000n\000c}{subsection.7.2.4}% 135
\BOOKMARK [3][-]{subsubsection.7.2.4.2}{\376\377\0007\000.\0002\000.\0004\000.\0002\000\040\000n\000u\000m\000\137\000c\000a\000l\000l\000s}{subsection.7.2.4}% 136
\BOOKMARK [1][-]{section.7.3}{\376\377\0007\000.\0003\000\040\000S\000M\000S\000\137\000B\000P\000.\000e\000r\000r\000o\000r\000s\000.\000D\000i\000f\000f\000u\000s\000i\000o\000n\000H\000i\000g\000h\000E\000r\000r\000o\000r\000\040\000C\000l\000a\000s\000s\000\040\000R\000e\000f\000e\000r\000e\000n\000c\000e}{chapter.7}% 137
\BOOKMARK [2][-]{subsection.7.3.1}{\376\377\0007\000.\0003\000.\0001\000\040\000D\000e\000t\000a\000i\000l\000e\000d\000\040\000D\000e\000s\000c\000r\000i\000p\000t\000i\000o\000n}{section.7.3}% 138
\BOOKMARK [1][-]{section.7.4}{\376\377\0007\000.\0004\000\040\000S\000M\000S\000\137\000B\000P\000.\000f\000b\000m\000\137\000B\000P\000.\000F\000B\000M\000\137\000B\000P\000\040\000C\000l\000a\000s\000s\000\040\000R\000e\000f\000e\000r\000e\000n\000c\000e}{chapter.7}% 139
\BOOKMARK [2][-]{subsection.7.4.1}{\376\377\0007\000.\0004\000.\0001\000\040\000C\000o\000n\000s\000t\000r\000u\000c\000t\000o\000r\000\040\000\046\000\040\000D\000e\000s\000t\000r\000u\000c\000t\000o\000r\000\040\000D\000o\000c\000u\000m\000e\000n\000t\000a\000t\000i\000o\000n}{section.7.4}% 140
\BOOKMARK [3][-]{subsubsection.7.4.1.1}{\376\377\0007\000.\0004\000.\0001\000.\0001\000\040\000\137\000\137\000i\000n\000i\000t\000\137\000\137\000\050\000\051}{subsection.7.4.1}% 141
\BOOKMARK [2][-]{subsection.7.4.2}{\376\377\0007\000.\0004\000.\0002\000\040\000M\000e\000m\000b\000e\000r\000\040\000F\000u\000n\000c\000t\000i\000o\000n\000\040\000D\000o\000c\000u\000m\000e\000n\000t\000a\000t\000i\000o\000n}{section.7.4}% 142
\BOOKMARK [3][-]{subsubsection.7.4.2.1}{\376\377\0007\000.\0004\000.\0002\000.\0001\000\040\000\137\000a\000u\000t\000o\000c\000o\000v\000a\000r\000i\000a\000n\000c\000e\000\050\000\051}{subsection.7.4.2}% 143
\BOOKMARK [3][-]{subsubsection.7.4.2.2}{\376\377\0007\000.\0004\000.\0002\000.\0002\000\040\000\137\000s\000e\000t\000u\000p\000\050\000\051}{subsection.7.4.2}% 144
\BOOKMARK [3][-]{subsubsection.7.4.2.3}{\376\377\0007\000.\0004\000.\0002\000.\0003\000\040\000f\000b\000m\000\050\000\051}{subsection.7.4.2}% 145
\BOOKMARK [2][-]{subsection.7.4.3}{\376\377\0007\000.\0004\000.\0003\000\040\000M\000e\000m\000b\000e\000r\000\040\000D\000a\000t\000a\000\040\000D\000o\000c\000u\000m\000e\000n\000t\000a\000t\000i\000o\000n}{section.7.4}% 146
\BOOKMARK [3][-]{subsubsection.7.4.3.1}{\376\377\0007\000.\0004\000.\0003\000.\0001\000\040\000\137\000c\000o\000v}{subsection.7.4.3}% 147
\BOOKMARK [3][-]{subsubsection.7.4.3.2}{\376\377\0007\000.\0004\000.\0003\000.\0002\000\040\000\137\000d\000i\000f\000f\000\137\000a\000\137\000n}{subsection.7.4.3}% 148
\BOOKMARK [3][-]{subsubsection.7.4.3.3}{\376\377\0007\000.\0004\000.\0003\000.\0003\000\040\000\137\000h\000u\000r\000s\000t\000\137\000n}{subsection.7.4.3}% 149
\BOOKMARK [3][-]{subsubsection.7.4.3.4}{\376\377\0007\000.\0004\000.\0003\000.\0004\000\040\000d\000i\000f\000f\000u\000s\000i\000o\000n\000\137\000p\000a\000r\000a\000m\000e\000t\000e\000r}{subsection.7.4.3}% 150
\BOOKMARK [3][-]{subsubsection.7.4.3.5}{\376\377\0007\000.\0004\000.\0003\000.\0005\000\040\000d\000i\000f\000f\000u\000s\000i\000o\000n\000\137\000p\000a\000r\000a\000m\000e\000t\000e\000r\000\137\000t\000r\000a\000n\000s\000i\000t\000i\000o\000n\000\137\000m\000a\000t\000r\000i\000x}{subsection.7.4.3}% 151
\BOOKMARK [3][-]{subsubsection.7.4.3.6}{\376\377\0007\000.\0004\000.\0003\000.\0006\000\040\000d\000t}{subsection.7.4.3}% 152
\BOOKMARK [3][-]{subsubsection.7.4.3.7}{\376\377\0007\000.\0004\000.\0003\000.\0007\000\040\000h\000u\000r\000s\000t\000\137\000p\000a\000r\000a\000m\000e\000t\000e\000r}{subsection.7.4.3}% 153
\BOOKMARK [3][-]{subsubsection.7.4.3.8}{\376\377\0007\000.\0004\000.\0003\000.\0008\000\040\000h\000u\000r\000s\000t\000\137\000p\000a\000r\000a\000m\000e\000t\000e\000r\000\137\000t\000r\000a\000n\000s\000i\000t\000i\000o\000n\000\137\000m\000a\000t\000r\000i\000x}{subsection.7.4.3}% 154
\BOOKMARK [3][-]{subsubsection.7.4.3.9}{\376\377\0007\000.\0004\000.\0003\000.\0009\000\040\000n}{subsection.7.4.3}% 155
\BOOKMARK [3][-]{subsubsection.7.4.3.10}{\376\377\0007\000.\0004\000.\0003\000.\0001\0000\000\040\000s\000p\000a\000c\000e\000\137\000l\000i\000m}{subsection.7.4.3}% 156
\BOOKMARK [3][-]{subsubsection.7.4.3.11}{\376\377\0007\000.\0004\000.\0003\000.\0001\0001\000\040\000s\000t\000a\000t\000e\000\137\000p\000r\000o\000b\000a\000b\000i\000l\000i\000t\000y\000\137\000d\000i\000f\000f\000u\000s\000i\000o\000n}{subsection.7.4.3}% 157
\BOOKMARK [3][-]{subsubsection.7.4.3.12}{\376\377\0007\000.\0004\000.\0003\000.\0001\0002\000\040\000s\000t\000a\000t\000e\000\137\000p\000r\000o\000b\000a\000b\000i\000l\000i\000t\000y\000\137\000h\000u\000r\000s\000t}{subsection.7.4.3}% 158
\BOOKMARK [1][-]{section.7.5}{\376\377\0007\000.\0005\000\040\000S\000M\000S\000\137\000B\000P\000.\000e\000r\000r\000o\000r\000s\000.\000H\000u\000r\000s\000t\000H\000i\000g\000h\000E\000r\000r\000o\000r\000\040\000C\000l\000a\000s\000s\000\040\000R\000e\000f\000e\000r\000e\000n\000c\000e}{chapter.7}% 159
\BOOKMARK [2][-]{subsection.7.5.1}{\376\377\0007\000.\0005\000.\0001\000\040\000D\000e\000t\000a\000i\000l\000e\000d\000\040\000D\000e\000s\000c\000r\000i\000p\000t\000i\000o\000n}{section.7.5}% 160
\BOOKMARK [1][-]{section.7.6}{\376\377\0007\000.\0006\000\040\000S\000M\000S\000\137\000B\000P\000.\000e\000r\000r\000o\000r\000s\000.\000H\000u\000r\000s\000t\000V\000a\000l\000u\000e\000E\000r\000r\000o\000r\000\040\000C\000l\000a\000s\000s\000\040\000R\000e\000f\000e\000r\000e\000n\000c\000e}{chapter.7}% 161
\BOOKMARK [2][-]{subsection.7.6.1}{\376\377\0007\000.\0006\000.\0001\000\040\000D\000e\000t\000a\000i\000l\000e\000d\000\040\000D\000e\000s\000c\000r\000i\000p\000t\000i\000o\000n}{section.7.6}% 162
\BOOKMARK [1][-]{section.7.7}{\376\377\0007\000.\0007\000\040\000S\000M\000S\000\137\000B\000P\000.\000p\000r\000o\000b\000a\000b\000i\000l\000i\000t\000y\000\137\000f\000u\000n\000c\000t\000i\000o\000n\000s\000.\000m\000u\000l\000t\000i\000p\000l\000e\000\137\000t\000o\000p\000\137\000h\000a\000t\000\137\000p\000r\000o\000b\000a\000b\000i\000l\000i\000t\000y\000\040\000C\000l\000a\000s\000s\000\040\000R\000e\000f\000e\000r\000e\000n\000c\000e}{chapter.7}% 163
\BOOKMARK [2][-]{subsection.7.7.1}{\376\377\0007\000.\0007\000.\0001\000\040\000D\000e\000t\000a\000i\000l\000e\000d\000\040\000D\000e\000s\000c\000r\000i\000p\000t\000i\000o\000n}{section.7.7}% 164
\BOOKMARK [2][-]{subsection.7.7.2}{\376\377\0007\000.\0007\000.\0002\000\040\000C\000o\000n\000s\000t\000r\000u\000c\000t\000o\000r\000\040\000\046\000\040\000D\000e\000s\000t\000r\000u\000c\000t\000o\000r\000\040\000D\000o\000c\000u\000m\000e\000n\000t\000a\000t\000i\000o\000n}{section.7.7}% 165
\BOOKMARK [3][-]{subsubsection.7.7.2.1}{\376\377\0007\000.\0007\000.\0002\000.\0001\000\040\000\137\000\137\000i\000n\000i\000t\000\137\000\137\000\050\000\051}{subsection.7.7.2}% 166
\BOOKMARK [2][-]{subsection.7.7.3}{\376\377\0007\000.\0007\000.\0003\000\040\000M\000e\000m\000b\000e\000r\000\040\000F\000u\000n\000c\000t\000i\000o\000n\000\040\000D\000o\000c\000u\000m\000e\000n\000t\000a\000t\000i\000o\000n}{section.7.7}% 167
\BOOKMARK [3][-]{subsubsection.7.7.3.1}{\376\377\0007\000.\0007\000.\0003\000.\0001\000\040\000\137\000\137\000c\000a\000l\000l\000\137\000\137\000\050\000\051}{subsection.7.7.3}% 168
\BOOKMARK [3][-]{subsubsection.7.7.3.2}{\376\377\0007\000.\0007\000.\0003\000.\0002\000\040\000\137\000c\000a\000l\000c\000u\000l\000a\000t\000e\000\137\000n\000o\000n\000\137\000s\000u\000b\000s\000p\000a\000c\000e\000\137\000p\000r\000o\000b\000a\000b\000i\000l\000i\000t\000y\000\050\000\051}{subsection.7.7.3}% 169
\BOOKMARK [3][-]{subsubsection.7.7.3.3}{\376\377\0007\000.\0007\000.\0003\000.\0003\000\040\000\137\000c\000a\000l\000c\000u\000l\000a\000t\000e\000\137\000s\000u\000b\000s\000p\000a\000c\000e\000\137\000p\000r\000o\000b\000a\000b\000i\000l\000i\000t\000y\000\050\000\051}{subsection.7.7.3}% 170
\BOOKMARK [3][-]{subsubsection.7.7.3.4}{\376\377\0007\000.\0007\000.\0003\000.\0004\000\040\000d\000e\000n\000s\000i\000t\000y\000\137\000d\000i\000f\000\050\000\051\000\040\000[\0001\000/\0002\000]}{subsection.7.7.3}% 171
\BOOKMARK [3][-]{subsubsection.7.7.3.5}{\376\377\0007\000.\0007\000.\0003\000.\0005\000\040\000d\000e\000n\000s\000i\000t\000y\000\137\000d\000i\000f\000\050\000\051\000\040\000[\0002\000/\0002\000]}{subsection.7.7.3}% 172
\BOOKMARK [3][-]{subsubsection.7.7.3.6}{\376\377\0007\000.\0007\000.\0003\000.\0006\000\040\000n\000o\000n\000\137\000s\000u\000b\000s\000p\000a\000c\000e\000\137\000p\000r\000o\000b\000a\000b\000i\000l\000i\000t\000y\000\050\000\051\000\040\000[\0001\000/\0002\000]}{subsection.7.7.3}% 173
\BOOKMARK [3][-]{subsubsection.7.7.3.7}{\376\377\0007\000.\0007\000.\0003\000.\0007\000\040\000n\000o\000n\000\137\000s\000u\000b\000s\000p\000a\000c\000e\000\137\000p\000r\000o\000b\000a\000b\000i\000l\000i\000t\000y\000\050\000\051\000\040\000[\0002\000/\0002\000]}{subsection.7.7.3}% 174
\BOOKMARK [3][-]{subsubsection.7.7.3.8}{\376\377\0007\000.\0007\000.\0003\000.\0008\000\040\000n\000u\000m\000\137\000s\000u\000b\000s\000p\000a\000c\000e\000\050\000\051\000\040\000[\0001\000/\0002\000]}{subsection.7.7.3}% 175
\BOOKMARK [3][-]{subsubsection.7.7.3.9}{\376\377\0007\000.\0007\000.\0003\000.\0009\000\040\000n\000u\000m\000\137\000s\000u\000b\000s\000p\000a\000c\000e\000\050\000\051\000\040\000[\0002\000/\0002\000]}{subsection.7.7.3}% 176
\BOOKMARK [3][-]{subsubsection.7.7.3.10}{\376\377\0007\000.\0007\000.\0003\000.\0001\0000\000\040\000s\000p\000a\000c\000e\000\137\000s\000i\000z\000e\000\050\000\051\000\040\000[\0001\000/\0002\000]}{subsection.7.7.3}% 177
\BOOKMARK [3][-]{subsubsection.7.7.3.11}{\376\377\0007\000.\0007\000.\0003\000.\0001\0001\000\040\000s\000p\000a\000c\000e\000\137\000s\000i\000z\000e\000\050\000\051\000\040\000[\0002\000/\0002\000]}{subsection.7.7.3}% 178
\BOOKMARK [3][-]{subsubsection.7.7.3.12}{\376\377\0007\000.\0007\000.\0003\000.\0001\0002\000\040\000s\000u\000b\000s\000p\000a\000c\000e\000\137\000c\000e\000n\000t\000e\000r\000s\000\050\000\051\000\040\000[\0001\000/\0002\000]}{subsection.7.7.3}% 179
\BOOKMARK [3][-]{subsubsection.7.7.3.13}{\376\377\0007\000.\0007\000.\0003\000.\0001\0003\000\040\000s\000u\000b\000s\000p\000a\000c\000e\000\137\000c\000e\000n\000t\000e\000r\000s\000\050\000\051\000\040\000[\0002\000/\0002\000]}{subsection.7.7.3}% 180
\BOOKMARK [3][-]{subsubsection.7.7.3.14}{\376\377\0007\000.\0007\000.\0003\000.\0001\0004\000\040\000s\000u\000b\000s\000p\000a\000c\000e\000\137\000p\000r\000o\000b\000a\000b\000i\000l\000i\000t\000y\000\050\000\051\000\040\000[\0001\000/\0002\000]}{subsection.7.7.3}% 181
\BOOKMARK [3][-]{subsubsection.7.7.3.15}{\376\377\0007\000.\0007\000.\0003\000.\0001\0005\000\040\000s\000u\000b\000s\000p\000a\000c\000e\000\137\000p\000r\000o\000b\000a\000b\000i\000l\000i\000t\000y\000\050\000\051\000\040\000[\0002\000/\0002\000]}{subsection.7.7.3}% 182
\BOOKMARK [3][-]{subsubsection.7.7.3.16}{\376\377\0007\000.\0007\000.\0003\000.\0001\0006\000\040\000s\000u\000b\000s\000p\000a\000c\000e\000\137\000r\000a\000d\000i\000u\000s\000\050\000\051\000\040\000[\0001\000/\0002\000]}{subsection.7.7.3}% 183
\BOOKMARK [3][-]{subsubsection.7.7.3.17}{\376\377\0007\000.\0007\000.\0003\000.\0001\0007\000\040\000s\000u\000b\000s\000p\000a\000c\000e\000\137\000r\000a\000d\000i\000u\000s\000\050\000\051\000\040\000[\0002\000/\0002\000]}{subsection.7.7.3}% 184
\BOOKMARK [3][-]{subsubsection.7.7.3.18}{\376\377\0007\000.\0007\000.\0003\000.\0001\0008\000\040\000u\000p\000d\000a\000t\000e\000\137\000p\000a\000r\000a\000m\000e\000t\000e\000r\000s\000\050\000\051}{subsection.7.7.3}% 185
\BOOKMARK [2][-]{subsection.7.7.4}{\376\377\0007\000.\0007\000.\0004\000\040\000M\000e\000m\000b\000e\000r\000\040\000D\000a\000t\000a\000\040\000D\000o\000c\000u\000m\000e\000n\000t\000a\000t\000i\000o\000n}{section.7.7}% 186
\BOOKMARK [3][-]{subsubsection.7.7.4.1}{\376\377\0007\000.\0007\000.\0004\000.\0001\000\040\000\137\000d\000e\000n\000s\000i\000t\000y\000\137\000d\000i\000f}{subsection.7.7.4}% 187
\BOOKMARK [3][-]{subsubsection.7.7.4.2}{\376\377\0007\000.\0007\000.\0004\000.\0002\000\040\000\137\000n\000o\000n\000\137\000s\000u\000b\000s\000p\000a\000c\000e\000\137\000p\000r\000o\000b\000a\000b\000i\000l\000i\000t\000y}{subsection.7.7.4}% 188
\BOOKMARK [3][-]{subsubsection.7.7.4.3}{\376\377\0007\000.\0007\000.\0004\000.\0003\000\040\000\137\000n\000u\000m\000\137\000s\000u\000b\000s\000p\000a\000c\000e}{subsection.7.7.4}% 189
\BOOKMARK [3][-]{subsubsection.7.7.4.4}{\376\377\0007\000.\0007\000.\0004\000.\0004\000\040\000\137\000s\000p\000a\000c\000e\000\137\000s\000i\000z\000e}{subsection.7.7.4}% 190
\BOOKMARK [3][-]{subsubsection.7.7.4.5}{\376\377\0007\000.\0007\000.\0004\000.\0005\000\040\000\137\000s\000u\000b\000s\000p\000a\000c\000e\000\137\000c\000e\000n\000t\000e\000r\000s}{subsection.7.7.4}% 191
\BOOKMARK [3][-]{subsubsection.7.7.4.6}{\376\377\0007\000.\0007\000.\0004\000.\0006\000\040\000\137\000s\000u\000b\000s\000p\000a\000c\000e\000\137\000p\000r\000o\000b\000a\000b\000i\000l\000i\000t\000y}{subsection.7.7.4}% 192
\BOOKMARK [3][-]{subsubsection.7.7.4.7}{\376\377\0007\000.\0007\000.\0004\000.\0007\000\040\000\137\000s\000u\000b\000s\000p\000a\000c\000e\000\137\000r\000a\000d\000i\000u\000s}{subsection.7.7.4}% 193
\BOOKMARK [3][-]{subsubsection.7.7.4.8}{\376\377\0007\000.\0007\000.\0004\000.\0008\000\040\000d\000e\000n\000s\000i\000t\000y\000\137\000d\000i\000f}{subsection.7.7.4}% 194
\BOOKMARK [3][-]{subsubsection.7.7.4.9}{\376\377\0007\000.\0007\000.\0004\000.\0009\000\040\000n\000o\000n\000\137\000s\000u\000b\000s\000p\000a\000c\000e\000\137\000p\000r\000o\000b\000a\000b\000i\000l\000i\000t\000y}{subsection.7.7.4}% 195
\BOOKMARK [3][-]{subsubsection.7.7.4.10}{\376\377\0007\000.\0007\000.\0004\000.\0001\0000\000\040\000n\000u\000m\000\137\000s\000u\000b\000s\000p\000a\000c\000e}{subsection.7.7.4}% 196
\BOOKMARK [3][-]{subsubsection.7.7.4.11}{\376\377\0007\000.\0007\000.\0004\000.\0001\0001\000\040\000s\000p\000a\000c\000e\000\137\000s\000i\000z\000e}{subsection.7.7.4}% 197
\BOOKMARK [3][-]{subsubsection.7.7.4.12}{\376\377\0007\000.\0007\000.\0004\000.\0001\0002\000\040\000s\000u\000b\000s\000p\000a\000c\000e\000\137\000c\000e\000n\000t\000e\000r\000s}{subsection.7.7.4}% 198
\BOOKMARK [3][-]{subsubsection.7.7.4.13}{\376\377\0007\000.\0007\000.\0004\000.\0001\0003\000\040\000s\000u\000b\000s\000p\000a\000c\000e\000\137\000p\000r\000o\000b\000a\000b\000i\000l\000i\000t\000y}{subsection.7.7.4}% 199
\BOOKMARK [3][-]{subsubsection.7.7.4.14}{\376\377\0007\000.\0007\000.\0004\000.\0001\0004\000\040\000s\000u\000b\000s\000p\000a\000c\000e\000\137\000r\000a\000d\000i\000u\000s}{subsection.7.7.4}% 200
\BOOKMARK [1][-]{section.7.8}{\376\377\0007\000.\0008\000\040\000S\000M\000S\000\137\000B\000P\000.\000s\000i\000m\000u\000l\000a\000t\000e\000\137\000c\000e\000l\000l\000.\000S\000i\000m\000u\000l\000a\000t\000e\000\137\000c\000e\000l\000l\000s\000\040\000C\000l\000a\000s\000s\000\040\000R\000e\000f\000e\000r\000e\000n\000c\000e}{chapter.7}% 201
\BOOKMARK [2][-]{subsection.7.8.1}{\376\377\0007\000.\0008\000.\0001\000\040\000C\000o\000n\000s\000t\000r\000u\000c\000t\000o\000r\000\040\000\046\000\040\000D\000e\000s\000t\000r\000u\000c\000t\000o\000r\000\040\000D\000o\000c\000u\000m\000e\000n\000t\000a\000t\000i\000o\000n}{section.7.8}% 202
\BOOKMARK [3][-]{subsubsection.7.8.1.1}{\376\377\0007\000.\0008\000.\0001\000.\0001\000\040\000\137\000\137\000i\000n\000i\000t\000\137\000\137\000\050\000\051}{subsection.7.8.1}% 203
\BOOKMARK [2][-]{subsection.7.8.2}{\376\377\0007\000.\0008\000.\0002\000\040\000M\000e\000m\000b\000e\000r\000\040\000F\000u\000n\000c\000t\000i\000o\000n\000\040\000D\000o\000c\000u\000m\000e\000n\000t\000a\000t\000i\000o\000n}{section.7.8}% 204
\BOOKMARK [3][-]{subsubsection.7.8.2.1}{\376\377\0007\000.\0008\000.\0002\000.\0001\000\040\000\137\000c\000h\000e\000c\000k\000\137\000i\000n\000i\000t\000\137\000d\000i\000c\000t\000\050\000\051}{subsection.7.8.2}% 205
\BOOKMARK [3][-]{subsubsection.7.8.2.2}{\376\377\0007\000.\0008\000.\0002\000.\0002\000\040\000\137\000c\000o\000n\000v\000e\000r\000t\000\137\000f\000r\000a\000m\000e\000\137\000t\000o\000\137\000t\000i\000m\000e\000\050\000\051}{subsection.7.8.2}% 206
\BOOKMARK [3][-]{subsubsection.7.8.2.3}{\376\377\0007\000.\0008\000.\0002\000.\0003\000\040\000\137\000c\000o\000n\000v\000e\000r\000t\000\137\000t\000r\000a\000c\000k\000\137\000d\000i\000c\000t\000\137\000m\000s\000d\000\050\000\051}{subsection.7.8.2}% 207
\BOOKMARK [3][-]{subsubsection.7.8.2.4}{\376\377\0007\000.\0008\000.\0002\000.\0004\000\040\000\137\000c\000o\000n\000v\000e\000r\000t\000\137\000t\000r\000a\000c\000k\000\137\000d\000i\000c\000t\000\137\000p\000o\000i\000n\000t\000s\000\137\000p\000e\000r\000\137\000f\000r\000a\000m\000e\000\050\000\051}{subsection.7.8.2}% 208
\BOOKMARK [3][-]{subsubsection.7.8.2.5}{\376\377\0007\000.\0008\000.\0002\000.\0005\000\040\000\137\000c\000r\000e\000a\000t\000e\000\137\000m\000a\000p\000\050\000\051}{subsection.7.8.2}% 209
\BOOKMARK [3][-]{subsubsection.7.8.2.6}{\376\377\0007\000.\0008\000.\0002\000.\0006\000\040\000\137\000c\000r\000e\000a\000t\000e\000\137\000t\000r\000a\000c\000k\000\137\000p\000o\000p\000\137\000d\000i\000c\000t\000\050\000\051}{subsection.7.8.2}% 210
\BOOKMARK [3][-]{subsubsection.7.8.2.7}{\376\377\0007\000.\0008\000.\0002\000.\0007\000\040\000\137\000d\000e\000f\000i\000n\000e\000\137\000s\000p\000a\000c\000e\000\050\000\051}{subsection.7.8.2}% 211
\BOOKMARK [3][-]{subsubsection.7.8.2.8}{\376\377\0007\000.\0008\000.\0002\000.\0008\000\040\000\137\000f\000o\000r\000m\000a\000t\000\137\000p\000o\000i\000n\000t\000s\000\137\000p\000e\000r\000\137\000f\000r\000a\000m\000e\000\050\000\051}{subsection.7.8.2}% 212
\BOOKMARK [3][-]{subsubsection.7.8.2.9}{\376\377\0007\000.\0008\000.\0002\000.\0009\000\040\000\137\000p\000o\000i\000n\000t\000\137\000p\000e\000r\000\137\000t\000i\000m\000e\000\137\000s\000e\000l\000e\000c\000t\000i\000o\000n\000\050\000\051}{subsection.7.8.2}% 213
\BOOKMARK [3][-]{subsubsection.7.8.2.10}{\376\377\0007\000.\0008\000.\0002\000.\0001\0000\000\040\000\137\000r\000e\000a\000d\000\137\000j\000s\000o\000n\000\050\000\051}{subsection.7.8.2}% 214
\BOOKMARK [3][-]{subsubsection.7.8.2.11}{\376\377\0007\000.\0008\000.\0002\000.\0001\0001\000\040\000\137\000u\000p\000d\000a\000t\000e\000\137\000u\000n\000i\000t\000s\000\050\000\051}{subsection.7.8.2}% 215
\BOOKMARK [3][-]{subsubsection.7.8.2.12}{\376\377\0007\000.\0008\000.\0002\000.\0001\0002\000\040\000c\000o\000n\000d\000e\000n\000s\000a\000t\000e\000s\000\050\000\051\000\040\000[\0001\000/\0002\000]}{subsection.7.8.2}% 216
\BOOKMARK [3][-]{subsubsection.7.8.2.13}{\376\377\0007\000.\0008\000.\0002\000.\0001\0003\000\040\000c\000o\000n\000d\000e\000n\000s\000a\000t\000e\000s\000\050\000\051\000\040\000[\0002\000/\0002\000]}{subsection.7.8.2}% 217
\BOOKMARK [3][-]{subsubsection.7.8.2.14}{\376\377\0007\000.\0008\000.\0002\000.\0001\0004\000\040\000g\000e\000t\000\137\000a\000n\000d\000\137\000s\000a\000v\000e\000\137\000s\000i\000m\000\050\000\051}{subsection.7.8.2}% 218
\BOOKMARK [3][-]{subsubsection.7.8.2.15}{\376\377\0007\000.\0008\000.\0002\000.\0001\0005\000\040\000g\000e\000t\000\137\000c\000e\000l\000l\000\050\000\051}{subsection.7.8.2}% 219
\BOOKMARK [2][-]{subsection.7.8.3}{\376\377\0007\000.\0008\000.\0003\000\040\000M\000e\000m\000b\000e\000r\000\040\000D\000a\000t\000a\000\040\000D\000o\000c\000u\000m\000e\000n\000t\000a\000t\000i\000o\000n}{section.7.8}% 220
\BOOKMARK [3][-]{subsubsection.7.8.3.1}{\376\377\0007\000.\0008\000.\0003\000.\0001\000\040\000\137\000c\000o\000n\000d\000e\000n\000s\000a\000t\000e\000s}{subsection.7.8.3}% 221
\BOOKMARK [3][-]{subsubsection.7.8.3.2}{\376\377\0007\000.\0008\000.\0003\000.\0002\000\040\000a\000x\000i\000a\000l\000\137\000d\000e\000t\000e\000c\000t\000i\000o\000n\000\137\000r\000a\000n\000g\000e\000\137\000p\000i\000x}{subsection.7.8.3}% 222
\BOOKMARK [3][-]{subsubsection.7.8.3.3}{\376\377\0007\000.\0008\000.\0003\000.\0003\000\040\000c\000o\000n\000d\000e\000n\000s\000a\000t\000e\000\137\000d\000i\000f\000f\000u\000s\000i\000o\000n\000\137\000u\000p\000d\000a\000t\000e\000d}{subsection.7.8.3}% 223
\BOOKMARK [3][-]{subsubsection.7.8.3.4}{\376\377\0007\000.\0008\000.\0003\000.\0004\000\040\000c\000o\000n\000d\000e\000n\000s\000a\000t\000e\000s}{subsection.7.8.3}% 224
\BOOKMARK [3][-]{subsubsection.7.8.3.5}{\376\377\0007\000.\0008\000.\0003\000.\0005\000\040\000d\000i\000f\000f\000u\000s\000i\000o\000n\000\137\000t\000r\000a\000n\000s\000i\000t\000i\000o\000n\000\137\000m\000a\000t\000r\000i\000x}{subsection.7.8.3}% 225
\BOOKMARK [3][-]{subsubsection.7.8.3.6}{\376\377\0007\000.\0008\000.\0003\000.\0006\000\040\000e\000x\000p\000o\000s\000u\000r\000e\000\137\000t\000i\000m\000e}{subsection.7.8.3}% 226
\BOOKMARK [3][-]{subsubsection.7.8.3.7}{\376\377\0007\000.\0008\000.\0003\000.\0007\000\040\000f\000r\000a\000m\000e\000\137\000c\000o\000u\000n\000t}{subsection.7.8.3}% 227
\BOOKMARK [3][-]{subsubsection.7.8.3.8}{\376\377\0007\000.\0008\000.\0003\000.\0008\000\040\000h\000u\000r\000s\000t\000\137\000t\000r\000a\000n\000s\000i\000t\000i\000o\000n\000\137\000m\000a\000t\000r\000i\000x}{subsection.7.8.3}% 228
\BOOKMARK [3][-]{subsubsection.7.8.3.9}{\376\377\0007\000.\0008\000.\0003\000.\0009\000\040\000i\000n\000i\000t\000\137\000d\000i\000c\000t}{subsection.7.8.3}% 229
\BOOKMARK [3][-]{subsubsection.7.8.3.10}{\376\377\0007\000.\0008\000.\0003\000.\0001\0000\000\040\000i\000n\000t\000e\000r\000v\000a\000l\000\137\000t\000i\000m\000e}{subsection.7.8.3}% 230
\BOOKMARK [3][-]{subsubsection.7.8.3.11}{\376\377\0007\000.\0008\000.\0003\000.\0001\0001\000\040\000o\000v\000e\000r\000s\000a\000m\000p\000l\000e\000\137\000m\000o\000t\000i\000o\000n\000\137\000t\000i\000m\000e}{subsection.7.8.3}% 231
\BOOKMARK [3][-]{subsubsection.7.8.3.12}{\376\377\0007\000.\0008\000.\0003\000.\0001\0002\000\040\000p\000i\000x\000e\000l\000\137\000s\000i\000z\000e\000\137\000p\000i\000x}{subsection.7.8.3}% 232
\BOOKMARK [3][-]{subsubsection.7.8.3.13}{\376\377\0007\000.\0008\000.\0003\000.\0001\0003\000\040\000p\000s\000f\000\137\000s\000i\000g\000m\000a\000\137\000p\000i\000x}{subsection.7.8.3}% 233
\BOOKMARK [3][-]{subsubsection.7.8.3.14}{\376\377\0007\000.\0008\000.\0003\000.\0001\0004\000\040\000t\000o\000t\000a\000l\000\137\000t\000i\000m\000e}{subsection.7.8.3}% 234
\BOOKMARK [3][-]{subsubsection.7.8.3.15}{\376\377\0007\000.\0008\000.\0003\000.\0001\0005\000\040\000t\000r\000a\000c\000k\000\137\000d\000i\000f\000f\000u\000s\000i\000o\000n\000\137\000u\000p\000d\000a\000t\000e\000d}{subsection.7.8.3}% 235
\BOOKMARK [3][-]{subsubsection.7.8.3.16}{\376\377\0007\000.\0008\000.\0003\000.\0001\0006\000\040\000t\000r\000a\000c\000k\000\137\000l\000e\000n\000g\000t\000h\000\137\000m\000e\000a\000n}{subsection.7.8.3}% 236
\BOOKMARK [3][-]{subsubsection.7.8.3.17}{\376\377\0007\000.\0008\000.\0003\000.\0001\0007\000\040\000t\000r\000a\000n\000s\000i\000t\000i\000o\000n\000\137\000m\000a\000t\000r\000i\000x\000\137\000t\000i\000m\000e\000\137\000s\000t\000e\000p}{subsection.7.8.3}% 237
\BOOKMARK [1][-]{section.7.9}{\376\377\0007\000.\0009\000\040\000S\000M\000S\000\137\000B\000P\000.\000e\000r\000r\000o\000r\000s\000.\000S\000p\000a\000c\000e\000L\000i\000m\000i\000t\000E\000r\000r\000o\000r\000\040\000C\000l\000a\000s\000s\000\040\000R\000e\000f\000e\000r\000e\000n\000c\000e}{chapter.7}% 238
\BOOKMARK [2][-]{subsection.7.9.1}{\376\377\0007\000.\0009\000.\0001\000\040\000D\000e\000t\000a\000i\000l\000e\000d\000\040\000D\000e\000s\000c\000r\000i\000p\000t\000i\000o\000n}{section.7.9}% 239
\BOOKMARK [1][-]{section.7.10}{\376\377\0007\000.\0001\0000\000\040\000S\000M\000S\000\137\000B\000P\000.\000s\000i\000m\000u\000l\000a\000t\000e\000\137\000f\000o\000c\000i\000.\000T\000r\000a\000c\000k\000\137\000g\000e\000n\000e\000r\000a\000t\000o\000r\000\040\000C\000l\000a\000s\000s\000\040\000R\000e\000f\000e\000r\000e\000n\000c\000e}{chapter.7}% 240
\BOOKMARK [2][-]{subsection.7.10.1}{\376\377\0007\000.\0001\0000\000.\0001\000\040\000C\000o\000n\000s\000t\000r\000u\000c\000t\000o\000r\000\040\000\046\000\040\000D\000e\000s\000t\000r\000u\000c\000t\000o\000r\000\040\000D\000o\000c\000u\000m\000e\000n\000t\000a\000t\000i\000o\000n}{section.7.10}% 241
\BOOKMARK [3][-]{subsubsection.7.10.1.1}{\376\377\0007\000.\0001\0000\000.\0001\000.\0001\000\040\000\137\000\137\000i\000n\000i\000t\000\137\000\137\000\050\000\051}{subsection.7.10.1}% 242
\BOOKMARK [2][-]{subsection.7.10.2}{\376\377\0007\000.\0001\0000\000.\0002\000\040\000M\000e\000m\000b\000e\000r\000\040\000F\000u\000n\000c\000t\000i\000o\000n\000\040\000D\000o\000c\000u\000m\000e\000n\000t\000a\000t\000i\000o\000n}{section.7.10}% 243
\BOOKMARK [3][-]{subsubsection.7.10.2.1}{\376\377\0007\000.\0001\0000\000.\0002\000.\0001\000\040\000\137\000c\000o\000n\000v\000e\000r\000t\000\137\000f\000r\000a\000m\000e\000\137\000t\000o\000\137\000t\000i\000m\000e\000\050\000\051}{subsection.7.10.2}% 244
\BOOKMARK [3][-]{subsubsection.7.10.2.2}{\376\377\0007\000.\0001\0000\000.\0002\000.\0002\000\040\000\137\000c\000o\000n\000v\000e\000r\000t\000\137\000t\000i\000m\000e\000\137\000t\000o\000\137\000f\000r\000a\000m\000e\000\050\000\051}{subsection.7.10.2}% 245
\BOOKMARK [3][-]{subsubsection.7.10.2.3}{\376\377\0007\000.\0001\0000\000.\0002\000.\0003\000\040\000t\000r\000a\000c\000k\000\137\000g\000e\000n\000e\000r\000a\000t\000i\000o\000n\000\137\000c\000o\000n\000s\000t\000a\000n\000t\000\050\000\051}{subsection.7.10.2}% 246
\BOOKMARK [3][-]{subsubsection.7.10.2.4}{\376\377\0007\000.\0001\0000\000.\0002\000.\0004\000\040\000t\000r\000a\000c\000k\000\137\000g\000e\000n\000e\000r\000a\000t\000i\000o\000n\000\137\000n\000o\000\137\000t\000r\000a\000n\000s\000i\000t\000i\000o\000n\000\050\000\051}{subsection.7.10.2}% 247
\BOOKMARK [3][-]{subsubsection.7.10.2.5}{\376\377\0007\000.\0001\0000\000.\0002\000.\0005\000\040\000t\000r\000a\000c\000k\000\137\000g\000e\000n\000e\000r\000a\000t\000i\000o\000n\000\137\000w\000i\000t\000h\000\137\000t\000r\000a\000n\000s\000i\000t\000i\000o\000n\000\050\000\051}{subsection.7.10.2}% 248
\BOOKMARK [2][-]{subsection.7.10.3}{\376\377\0007\000.\0001\0000\000.\0003\000\040\000M\000e\000m\000b\000e\000r\000\040\000D\000a\000t\000a\000\040\000D\000o\000c\000u\000m\000e\000n\000t\000a\000t\000i\000o\000n}{section.7.10}% 249
\BOOKMARK [3][-]{subsubsection.7.10.3.1}{\376\377\0007\000.\0001\0000\000.\0003\000.\0001\000\040\000c\000e\000l\000l\000\137\000a\000x\000i\000a\000l\000\137\000r\000a\000n\000g\000e}{subsection.7.10.3}% 250
\BOOKMARK [3][-]{subsubsection.7.10.3.2}{\376\377\0007\000.\0001\0000\000.\0003\000.\0002\000\040\000c\000e\000l\000l\000\137\000s\000p\000a\000c\000e}{subsection.7.10.3}% 251
\BOOKMARK [3][-]{subsubsection.7.10.3.3}{\376\377\0007\000.\0001\0000\000.\0003\000.\0003\000\040\000e\000x\000p\000o\000s\000u\000r\000e\000\137\000t\000i\000m\000e}{subsection.7.10.3}% 252
\BOOKMARK [3][-]{subsubsection.7.10.3.4}{\376\377\0007\000.\0001\0000\000.\0003\000.\0004\000\040\000f\000r\000a\000m\000e\000\137\000c\000o\000u\000n\000t}{subsection.7.10.3}% 253
\BOOKMARK [3][-]{subsubsection.7.10.3.5}{\376\377\0007\000.\0001\0000\000.\0003\000.\0005\000\040\000i\000n\000t\000e\000r\000v\000a\000l\000\137\000t\000i\000m\000e}{subsection.7.10.3}% 254
\BOOKMARK [3][-]{subsubsection.7.10.3.6}{\376\377\0007\000.\0001\0000\000.\0003\000.\0006\000\040\000m\000a\000x\000\137\000x}{subsection.7.10.3}% 255
\BOOKMARK [3][-]{subsubsection.7.10.3.7}{\376\377\0007\000.\0001\0000\000.\0003\000.\0007\000\040\000m\000a\000x\000\137\000y}{subsection.7.10.3}% 256
\BOOKMARK [3][-]{subsubsection.7.10.3.8}{\376\377\0007\000.\0001\0000\000.\0003\000.\0008\000\040\000m\000i\000n\000\137\000x}{subsection.7.10.3}% 257
\BOOKMARK [3][-]{subsubsection.7.10.3.9}{\376\377\0007\000.\0001\0000\000.\0003\000.\0009\000\040\000m\000i\000n\000\137\000y}{subsection.7.10.3}% 258
\BOOKMARK [3][-]{subsubsection.7.10.3.10}{\376\377\0007\000.\0001\0000\000.\0003\000.\0001\0000\000\040\000o\000v\000e\000r\000s\000a\000m\000p\000l\000e\000\137\000m\000o\000t\000i\000o\000n\000\137\000t\000i\000m\000e}{subsection.7.10.3}% 259
\BOOKMARK [3][-]{subsubsection.7.10.3.11}{\376\377\0007\000.\0001\0000\000.\0003\000.\0001\0001\000\040\000s\000p\000a\000c\000e\000\137\000l\000i\000m}{subsection.7.10.3}% 260
\BOOKMARK [3][-]{subsubsection.7.10.3.12}{\376\377\0007\000.\0001\0000\000.\0003\000.\0001\0002\000\040\000t\000o\000t\000a\000l\000\137\000t\000i\000m\000e}{subsection.7.10.3}% 261
\BOOKMARK [0][-]{chapter.8}{\376\377\0008\000\040\000F\000i\000l\000e\000\040\000D\000o\000c\000u\000m\000e\000n\000t\000a\000t\000i\000o\000n}{}% 262
\BOOKMARK [1][-]{section.8.1}{\376\377\0008\000.\0001\000\040\000\137\000\137\000i\000n\000i\000t\000\137\000\137\000.\000p\000y\000\040\000F\000i\000l\000e\000\040\000R\000e\000f\000e\000r\000e\000n\000c\000e}{chapter.8}% 263
\BOOKMARK [1][-]{section.8.2}{\376\377\0008\000.\0002\000\040\000b\000o\000u\000n\000d\000a\000r\000y\000\137\000c\000o\000n\000d\000i\000t\000i\000o\000n\000s\000.\000p\000y\000\040\000F\000i\000l\000e\000\040\000R\000e\000f\000e\000r\000e\000n\000c\000e}{chapter.8}% 264
\BOOKMARK [1][-]{section.8.3}{\376\377\0008\000.\0003\000\040\000c\000o\000n\000d\000e\000n\000s\000a\000t\000e\000\137\000m\000o\000v\000e\000m\000e\000n\000t\000.\000p\000y\000\040\000F\000i\000l\000e\000\040\000R\000e\000f\000e\000r\000e\000n\000c\000e}{chapter.8}% 265
\BOOKMARK [1][-]{section.8.4}{\376\377\0008\000.\0004\000\040\000d\000e\000c\000o\000r\000a\000t\000o\000r\000s\000.\000p\000y\000\040\000F\000i\000l\000e\000\040\000R\000e\000f\000e\000r\000e\000n\000c\000e}{chapter.8}% 266
\BOOKMARK [1][-]{section.8.5}{\376\377\0008\000.\0005\000\040\000e\000r\000r\000o\000r\000s\000.\000p\000y\000\040\000F\000i\000l\000e\000\040\000R\000e\000f\000e\000r\000e\000n\000c\000e}{chapter.8}% 267
\BOOKMARK [1][-]{section.8.6}{\376\377\0008\000.\0006\000\040\000f\000b\000m\000\137\000B\000P\000.\000p\000y\000\040\000F\000i\000l\000e\000\040\000R\000e\000f\000e\000r\000e\000n\000c\000e}{chapter.8}% 268
\BOOKMARK [1][-]{section.8.7}{\376\377\0008\000.\0007\000\040\000f\000b\000m\000\137\000u\000t\000i\000l\000i\000t\000y\000.\000p\000y\000\040\000F\000i\000l\000e\000\040\000R\000e\000f\000e\000r\000e\000n\000c\000e}{chapter.8}% 269
\BOOKMARK [1][-]{section.8.8}{\376\377\0008\000.\0008\000\040\000p\000r\000o\000b\000a\000b\000i\000l\000i\000t\000y\000\137\000f\000u\000n\000c\000t\000i\000o\000n\000s\000.\000p\000y\000\040\000F\000i\000l\000e\000\040\000R\000e\000f\000e\000r\000e\000n\000c\000e}{chapter.8}% 270
\BOOKMARK [1][-]{section.8.9}{\376\377\0008\000.\0009\000\040\000r\000u\000n\000\137\000c\000e\000l\000l\000\137\000s\000i\000m\000u\000l\000a\000t\000i\000o\000n\000.\000p\000y\000\040\000F\000i\000l\000e\000\040\000R\000e\000f\000e\000r\000e\000n\000c\000e}{chapter.8}% 271
\BOOKMARK [1][-]{section.8.10}{\376\377\0008\000.\0001\0000\000\040\000s\000i\000m\000\137\000c\000o\000n\000f\000i\000g\000.\000m\000d\000\040\000F\000i\000l\000e\000\040\000R\000e\000f\000e\000r\000e\000n\000c\000e}{chapter.8}% 272
\BOOKMARK [1][-]{section.8.11}{\376\377\0008\000.\0001\0001\000\040\000s\000i\000m\000u\000l\000a\000t\000e\000\137\000c\000e\000l\000l\000.\000p\000y\000\040\000F\000i\000l\000e\000\040\000R\000e\000f\000e\000r\000e\000n\000c\000e}{chapter.8}% 273
\BOOKMARK [1][-]{section.8.12}{\376\377\0008\000.\0001\0002\000\040\000s\000i\000m\000u\000l\000a\000t\000e\000\137\000f\000o\000c\000i\000.\000p\000y\000\040\000F\000i\000l\000e\000\040\000R\000e\000f\000e\000r\000e\000n\000c\000e}{chapter.8}% 274
\BOOKMARK [0][-]{section*.76}{\376\377\000I\000n\000d\000e\000x}{}% 275
